The system is: Linux - 5.13.0-44-generic - x86_64
Compiling the C compiler identification source file "CMakeCCompilerId.c" succeeded.
Compiler: /opt/toolchains/csky-elfabiv2-tools-x86_64-minilibc-20210423/bin/csky-abiv2-elf-gcc 
Build flags: -Wall;-DTLS_CONFIG_CPU_XT804=1;-DGCC_COMPILE=1;-mcpu=ck804ef;-g;-DWM_SWD_ENABLE=1;-std=gnu99;-mhard-float;-fdata-sections;-ffunction-sections
Id flags:  

The output was:
0


Compilation of the C compiler identification source "CMakeCCompilerId.c" produced "a.out"

The C compiler identification is GNU, found in "/home/daniel/git/EFIGenieW806/build/W806-Debug/CMakeFiles/3.16.3/CompilerIdC/a.out"

Compiling the CXX compiler identification source file "CMakeCXXCompilerId.cpp" succeeded.
Compiler: /opt/toolchains/csky-elfabiv2-tools-x86_64-minilibc-20210423/bin/csky-abiv2-elf-g++ 
Build flags: -Wall;-DTLS_CONFIG_CPU_XT804=1;-DGCC_COMPILE=1;-mcpu=ck804ef;-g;-DWM_SWD_ENABLE=1;-std=gnu++11;-mhard-float;-fdata-sections;-ffunction-sections
Id flags:  

The output was:
0


Compilation of the CXX compiler identification source "CMakeCXXCompilerId.cpp" produced "a.out"

The CXX compiler identification is GNU, found in "/home/daniel/git/EFIGenieW806/build/W806-Debug/CMakeFiles/3.16.3/CompilerIdCXX/a.out"

Checking whether the ASM compiler is GNU using "--version" matched "(GNU assembler)|(GCC)|(Free Software Foundation)":
csky-abiv2-elf-gcc (T-HEAD C-SKY Tools V3.10.29 Minilibc abiv2 B20210423) 6.3.0
Copyright (C) 2016 Free Software Foundation, Inc.
This is free software; see the source for copying conditions.  There is NO
warranty; not even for MERCHANTABILITY or FITNESS FOR A PARTICULAR PURPOSE.

Determining if the C compiler works passed with the following output:
Change Dir: /home/daniel/git/EFIGenieW806/build/W806-Debug/CMakeFiles/CMakeTmp

Run Build Command(s):/usr/bin/ninja cmTC_bc672 && [1/2] Building C object CMakeFiles/cmTC_bc672.dir/testCCompiler.c.o
[2/2] Linking C executable cmTC_bc672
/opt/toolchains/csky-elfabiv2-tools-x86_64-minilibc-20210423/bin/../lib/gcc/csky-elfabiv2/6.3.0/../../../../csky-elfabiv2/bin/ld: warning: cannot find entry symbol Reset_Handler; defaulting to 0000000008010400



Detecting C compiler ABI info compiled with the following output:
Change Dir: /home/daniel/git/EFIGenieW806/build/W806-Debug/CMakeFiles/CMakeTmp

Run Build Command(s):/usr/bin/ninja cmTC_8d2dc && [1/2] Building C object CMakeFiles/cmTC_8d2dc.dir/CMakeCCompilerABI.c.o
Using built-in specs.
COLLECT_GCC=/opt/toolchains/csky-elfabiv2-tools-x86_64-minilibc-20210423/bin/csky-abiv2-elf-gcc
Target: csky-elfabiv2
Configured with: /ldhome/software/toolsbuild/slave2/workspace/Toolchain/release-csky-1/source//gcc/configure x86_64-linux --enable-languages=c,c++ --disable-threads --enable-sjlj-exceptions --disable-shared --enable-libssp --target=csky-elfabiv2 --prefix=/ldhome/software/toolsbuild/slave2/workspace/Toolchain/release-csky-1/install/ --with-headers=/ldhome/software/toolsbuild/slave2/workspace/Toolchain/release-csky-1/install//csky-elfabiv2/include --with-lib=/ldhome/software/toolsbuild/slave2/workspace/Toolchain/release-csky-1/install//csky-elfabiv2/lib/ --with-mpfr=/ldhome/software/toolsbuild/slave2/workspace/Toolchain/release-csky-1/lib-for-gcc-x86_64-linux/ --with-gmp=/ldhome/software/toolsbuild/slave2/workspace/Toolchain/release-csky-1/lib-for-gcc-x86_64-linux/ --with-mpc=/ldhome/software/toolsbuild/slave2/workspace/Toolchain/release-csky-1/lib-for-gcc-x86_64-linux/ --with-cskyabi=abiv2 --with-pkgversion='T-HEAD C-SKY Tools V3.10.29 Minilibc abiv2 B20210423' --disable-tls --enable-threads=posix
Thread model: posix
gcc version 6.3.0 (T-HEAD C-SKY Tools V3.10.29 Minilibc abiv2 B20210423) 
COLLECT_GCC_OPTIONS='-Wall' '-D' 'TLS_CONFIG_CPU_XT804=1' '-D' 'GCC_COMPILE=1' '-mcpu=ck804ef' '-g' '-D' 'WM_SWD_ENABLE=1' '-std=gnu99' '-mfloat-abi=hard' '-fdata-sections' '-ffunction-sections' '-v' '-o' 'CMakeFiles/cmTC_8d2dc.dir/CMakeCCompilerABI.c.o' '-c'
 /opt/toolchains/csky-elfabiv2-tools-x86_64-minilibc-20210423/bin/../libexec/gcc/csky-elfabiv2/6.3.0/cc1 -quiet -v -imultilib ck803/hard-fp -iprefix /opt/toolchains/csky-elfabiv2-tools-x86_64-minilibc-20210423/bin/../lib/gcc/csky-elfabiv2/6.3.0/ -D TLS_CONFIG_CPU_XT804=1 -D GCC_COMPILE=1 -D WM_SWD_ENABLE=1 /usr/share/cmake-3.16/Modules/CMakeCCompilerABI.c -quiet -dumpbase CMakeCCompilerABI.c -mcpu=ck804ef -mfloat-abi=hard -auxbase-strip CMakeFiles/cmTC_8d2dc.dir/CMakeCCompilerABI.c.o -g -Wall -std=gnu99 -version -fdata-sections -ffunction-sections -o /tmp/ccs5nLVL.s
GNU C99 (T-HEAD C-SKY Tools V3.10.29 Minilibc abiv2 B20210423) version 6.3.0 (csky-elfabiv2)
	compiled by GNU C version 6.4.0, GMP version 6.2.0, MPFR version 4.0.2, MPC version 1.1.0, isl version none
GGC heuristics: --param ggc-min-expand=100 --param ggc-min-heapsize=131072
ignoring duplicate directory "/opt/toolchains/csky-elfabiv2-tools-x86_64-minilibc-20210423/bin/../lib/gcc/../../lib/gcc/csky-elfabiv2/6.3.0/include"
ignoring duplicate directory "/opt/toolchains/csky-elfabiv2-tools-x86_64-minilibc-20210423/bin/../lib/gcc/../../lib/gcc/csky-elfabiv2/6.3.0/include-fixed"
ignoring duplicate directory "/opt/toolchains/csky-elfabiv2-tools-x86_64-minilibc-20210423/bin/../lib/gcc/../../lib/gcc/csky-elfabiv2/6.3.0/../../../../csky-elfabiv2/sys-include"
ignoring duplicate directory "/opt/toolchains/csky-elfabiv2-tools-x86_64-minilibc-20210423/bin/../lib/gcc/../../lib/gcc/csky-elfabiv2/6.3.0/../../../../csky-elfabiv2/include"
#include "..." search starts here:
#include <...> search starts here:
 /opt/toolchains/csky-elfabiv2-tools-x86_64-minilibc-20210423/bin/../lib/gcc/csky-elfabiv2/6.3.0/include
 /opt/toolchains/csky-elfabiv2-tools-x86_64-minilibc-20210423/bin/../lib/gcc/csky-elfabiv2/6.3.0/include-fixed
 /opt/toolchains/csky-elfabiv2-tools-x86_64-minilibc-20210423/bin/../lib/gcc/csky-elfabiv2/6.3.0/../../../../csky-elfabiv2/sys-include
 /opt/toolchains/csky-elfabiv2-tools-x86_64-minilibc-20210423/bin/../lib/gcc/csky-elfabiv2/6.3.0/../../../../csky-elfabiv2/include
End of search list.
GNU C99 (T-HEAD C-SKY Tools V3.10.29 Minilibc abiv2 B20210423) version 6.3.0 (csky-elfabiv2)
	compiled by GNU C version 6.4.0, GMP version 6.2.0, MPFR version 4.0.2, MPC version 1.1.0, isl version none
GGC heuristics: --param ggc-min-expand=100 --param ggc-min-heapsize=131072
Compiler executable checksum: 775c5ebf0de1ed9a4abb4de5b16af40d
COLLECT_GCC_OPTIONS='-Wall' '-D' 'TLS_CONFIG_CPU_XT804=1' '-D' 'GCC_COMPILE=1' '-mcpu=ck804ef' '-g' '-D' 'WM_SWD_ENABLE=1' '-std=gnu99' '-mfloat-abi=hard' '-fdata-sections' '-ffunction-sections' '-v' '-o' 'CMakeFiles/cmTC_8d2dc.dir/CMakeCCompilerABI.c.o' '-c'
 /opt/toolchains/csky-elfabiv2-tools-x86_64-minilibc-20210423/bin/../lib/gcc/csky-elfabiv2/6.3.0/../../../../csky-elfabiv2/bin/as -mcpu=ck804ef -mhard-float -o CMakeFiles/cmTC_8d2dc.dir/CMakeCCompilerABI.c.o /tmp/ccs5nLVL.s
COMPILER_PATH=/opt/toolchains/csky-elfabiv2-tools-x86_64-minilibc-20210423/bin/../libexec/gcc/csky-elfabiv2/6.3.0/:/opt/toolchains/csky-elfabiv2-tools-x86_64-minilibc-20210423/bin/../libexec/gcc/:/opt/toolchains/csky-elfabiv2-tools-x86_64-minilibc-20210423/bin/../lib/gcc/csky-elfabiv2/6.3.0/../../../../csky-elfabiv2/bin/
LIBRARY_PATH=/opt/toolchains/csky-elfabiv2-tools-x86_64-minilibc-20210423/bin/../lib/gcc/csky-elfabiv2/6.3.0/ck803/hard-fp/:/opt/toolchains/csky-elfabiv2-tools-x86_64-minilibc-20210423/bin/../lib/gcc/csky-elfabiv2/6.3.0/../../../../csky-elfabiv2/lib/ck803/hard-fp/:/opt/toolchains/csky-elfabiv2-tools-x86_64-minilibc-20210423/bin/../lib/gcc/csky-elfabiv2/6.3.0/:/opt/toolchains/csky-elfabiv2-tools-x86_64-minilibc-20210423/bin/../lib/gcc/:/opt/toolchains/csky-elfabiv2-tools-x86_64-minilibc-20210423/bin/../lib/gcc/csky-elfabiv2/6.3.0/../../../../csky-elfabiv2/lib/
COLLECT_GCC_OPTIONS='-Wall' '-D' 'TLS_CONFIG_CPU_XT804=1' '-D' 'GCC_COMPILE=1' '-mcpu=ck804ef' '-g' '-D' 'WM_SWD_ENABLE=1' '-std=gnu99' '-mfloat-abi=hard' '-fdata-sections' '-ffunction-sections' '-v' '-o' 'CMakeFiles/cmTC_8d2dc.dir/CMakeCCompilerABI.c.o' '-c'
[2/2] Linking C executable cmTC_8d2dc
Using built-in specs.
COLLECT_GCC=/opt/toolchains/csky-elfabiv2-tools-x86_64-minilibc-20210423/bin/csky-abiv2-elf-gcc
COLLECT_LTO_WRAPPER=/opt/toolchains/csky-elfabiv2-tools-x86_64-minilibc-20210423/bin/../libexec/gcc/csky-elfabiv2/6.3.0/lto-wrapper
Target: csky-elfabiv2
Configured with: /ldhome/software/toolsbuild/slave2/workspace/Toolchain/release-csky-1/source//gcc/configure x86_64-linux --enable-languages=c,c++ --disable-threads --enable-sjlj-exceptions --disable-shared --enable-libssp --target=csky-elfabiv2 --prefix=/ldhome/software/toolsbuild/slave2/workspace/Toolchain/release-csky-1/install/ --with-headers=/ldhome/software/toolsbuild/slave2/workspace/Toolchain/release-csky-1/install//csky-elfabiv2/include --with-lib=/ldhome/software/toolsbuild/slave2/workspace/Toolchain/release-csky-1/install//csky-elfabiv2/lib/ --with-mpfr=/ldhome/software/toolsbuild/slave2/workspace/Toolchain/release-csky-1/lib-for-gcc-x86_64-linux/ --with-gmp=/ldhome/software/toolsbuild/slave2/workspace/Toolchain/release-csky-1/lib-for-gcc-x86_64-linux/ --with-mpc=/ldhome/software/toolsbuild/slave2/workspace/Toolchain/release-csky-1/lib-for-gcc-x86_64-linux/ --with-cskyabi=abiv2 --with-pkgversion='T-HEAD C-SKY Tools V3.10.29 Minilibc abiv2 B20210423' --disable-tls --enable-threads=posix
Thread model: posix
gcc version 6.3.0 (T-HEAD C-SKY Tools V3.10.29 Minilibc abiv2 B20210423) 
COMPILER_PATH=/opt/toolchains/csky-elfabiv2-tools-x86_64-minilibc-20210423/bin/../libexec/gcc/csky-elfabiv2/6.3.0/:/opt/toolchains/csky-elfabiv2-tools-x86_64-minilibc-20210423/bin/../libexec/gcc/:/opt/toolchains/csky-elfabiv2-tools-x86_64-minilibc-20210423/bin/../lib/gcc/csky-elfabiv2/6.3.0/../../../../csky-elfabiv2/bin/
LIBRARY_PATH=/opt/toolchains/csky-elfabiv2-tools-x86_64-minilibc-20210423/bin/../lib/gcc/csky-elfabiv2/6.3.0/ck803/hard-fp/:/opt/toolchains/csky-elfabiv2-tools-x86_64-minilibc-20210423/bin/../lib/gcc/csky-elfabiv2/6.3.0/../../../../csky-elfabiv2/lib/ck803/hard-fp/:/opt/toolchains/csky-elfabiv2-tools-x86_64-minilibc-20210423/bin/../lib/gcc/csky-elfabiv2/6.3.0/:/opt/toolchains/csky-elfabiv2-tools-x86_64-minilibc-20210423/bin/../lib/gcc/:/opt/toolchains/csky-elfabiv2-tools-x86_64-minilibc-20210423/bin/../lib/gcc/csky-elfabiv2/6.3.0/../../../../csky-elfabiv2/lib/
COLLECT_GCC_OPTIONS='-Wall' '-D' 'TLS_CONFIG_CPU_XT804=1' '-D' 'GCC_COMPILE=1' '-mcpu=ck804ef' '-g' '-D' 'WM_SWD_ENABLE=1' '-std=gnu99' '-mfloat-abi=hard' '-fdata-sections' '-ffunction-sections' '-nostartfiles' '-v' '-o' 'cmTC_8d2dc'
 /opt/toolchains/csky-elfabiv2-tools-x86_64-minilibc-20210423/bin/../libexec/gcc/csky-elfabiv2/6.3.0/collect2 -plugin /opt/toolchains/csky-elfabiv2-tools-x86_64-minilibc-20210423/bin/../libexec/gcc/csky-elfabiv2/6.3.0/liblto_plugin.so -plugin-opt=/opt/toolchains/csky-elfabiv2-tools-x86_64-minilibc-20210423/bin/../libexec/gcc/csky-elfabiv2/6.3.0/lto-wrapper -plugin-opt=-fresolution=/tmp/ccINlN7O.res -plugin-opt=-pass-through=-lgcc -plugin-opt=-pass-through=-lc -plugin-opt=-pass-through=-lgcc -X -o cmTC_8d2dc -L/opt/toolchains/csky-elfabiv2-tools-x86_64-minilibc-20210423/bin/../lib/gcc/csky-elfabiv2/6.3.0/ck803/hard-fp -L/opt/toolchains/csky-elfabiv2-tools-x86_64-minilibc-20210423/bin/../lib/gcc/csky-elfabiv2/6.3.0/../../../../csky-elfabiv2/lib/ck803/hard-fp -L/opt/toolchains/csky-elfabiv2-tools-x86_64-minilibc-20210423/bin/../lib/gcc/csky-elfabiv2/6.3.0 -L/opt/toolchains/csky-elfabiv2-tools-x86_64-minilibc-20210423/bin/../lib/gcc -L/opt/toolchains/csky-elfabiv2-tools-x86_64-minilibc-20210423/bin/../lib/gcc/csky-elfabiv2/6.3.0/../../../../csky-elfabiv2/lib --gc-sections -zmax-page-size=1024 --whole-archive -lm -T/home/daniel/git/EFIGenieW806/wm-sdk-w806/ld/W806/gcc_csky.ld /home/daniel/git/EFIGenieW806/wm-sdk-w806/bin/build/W806/lib/libwmlibc.a CMakeFiles/cmTC_8d2dc.dir/CMakeCCompilerABI.c.o -lgcc --whole-archive --no-whole-archive -lc -lgcc
/opt/toolchains/csky-elfabiv2-tools-x86_64-minilibc-20210423/bin/../lib/gcc/csky-elfabiv2/6.3.0/../../../../csky-elfabiv2/bin/ld: warning: cannot find entry symbol Reset_Handler; defaulting to 0000000008010400
COLLECT_GCC_OPTIONS='-Wall' '-D' 'TLS_CONFIG_CPU_XT804=1' '-D' 'GCC_COMPILE=1' '-mcpu=ck804ef' '-g' '-D' 'WM_SWD_ENABLE=1' '-std=gnu99' '-mfloat-abi=hard' '-fdata-sections' '-ffunction-sections' '-nostartfiles' '-v' '-o' 'cmTC_8d2dc'



Parsed C implicit include dir info from above output: rv=done
  found start of include info
  found start of implicit include info
    add: [/opt/toolchains/csky-elfabiv2-tools-x86_64-minilibc-20210423/bin/../lib/gcc/csky-elfabiv2/6.3.0/include]
    add: [/opt/toolchains/csky-elfabiv2-tools-x86_64-minilibc-20210423/bin/../lib/gcc/csky-elfabiv2/6.3.0/include-fixed]
    add: [/opt/toolchains/csky-elfabiv2-tools-x86_64-minilibc-20210423/bin/../lib/gcc/csky-elfabiv2/6.3.0/../../../../csky-elfabiv2/sys-include]
    add: [/opt/toolchains/csky-elfabiv2-tools-x86_64-minilibc-20210423/bin/../lib/gcc/csky-elfabiv2/6.3.0/../../../../csky-elfabiv2/include]
  end of search list found
  collapse include dir [/opt/toolchains/csky-elfabiv2-tools-x86_64-minilibc-20210423/bin/../lib/gcc/csky-elfabiv2/6.3.0/include] ==> [/opt/toolchains/csky-elfabiv2-tools-x86_64-minilibc-20210423/lib/gcc/csky-elfabiv2/6.3.0/include]
  collapse include dir [/opt/toolchains/csky-elfabiv2-tools-x86_64-minilibc-20210423/bin/../lib/gcc/csky-elfabiv2/6.3.0/include-fixed] ==> [/opt/toolchains/csky-elfabiv2-tools-x86_64-minilibc-20210423/lib/gcc/csky-elfabiv2/6.3.0/include-fixed]
  collapse include dir [/opt/toolchains/csky-elfabiv2-tools-x86_64-minilibc-20210423/bin/../lib/gcc/csky-elfabiv2/6.3.0/../../../../csky-elfabiv2/sys-include] ==> [/opt/toolchains/csky-elfabiv2-tools-x86_64-minilibc-20210423/csky-elfabiv2/sys-include]
  collapse include dir [/opt/toolchains/csky-elfabiv2-tools-x86_64-minilibc-20210423/bin/../lib/gcc/csky-elfabiv2/6.3.0/../../../../csky-elfabiv2/include] ==> [/opt/toolchains/csky-elfabiv2-tools-x86_64-minilibc-20210423/csky-elfabiv2/include]
  implicit include dirs: [/opt/toolchains/csky-elfabiv2-tools-x86_64-minilibc-20210423/lib/gcc/csky-elfabiv2/6.3.0/include;/opt/toolchains/csky-elfabiv2-tools-x86_64-minilibc-20210423/lib/gcc/csky-elfabiv2/6.3.0/include-fixed;/opt/toolchains/csky-elfabiv2-tools-x86_64-minilibc-20210423/csky-elfabiv2/sys-include;/opt/toolchains/csky-elfabiv2-tools-x86_64-minilibc-20210423/csky-elfabiv2/include]


Parsed C implicit link information from above output:
  link line regex: [^( *|.*[/\])(ld|CMAKE_LINK_STARTFILE-NOTFOUND|([^/\]+-)?ld|collect2)[^/\]*( |$)]
  ignore line: [Change Dir: /home/daniel/git/EFIGenieW806/build/W806-Debug/CMakeFiles/CMakeTmp]
  ignore line: []
  ignore line: [Run Build Command(s):/usr/bin/ninja cmTC_8d2dc && [1/2] Building C object CMakeFiles/cmTC_8d2dc.dir/CMakeCCompilerABI.c.o]
  ignore line: [Using built-in specs.]
  ignore line: [COLLECT_GCC=/opt/toolchains/csky-elfabiv2-tools-x86_64-minilibc-20210423/bin/csky-abiv2-elf-gcc]
  ignore line: [Target: csky-elfabiv2]
  ignore line: [Configured with: /ldhome/software/toolsbuild/slave2/workspace/Toolchain/release-csky-1/source//gcc/configure x86_64-linux --enable-languages=c c++ --disable-threads --enable-sjlj-exceptions --disable-shared --enable-libssp --target=csky-elfabiv2 --prefix=/ldhome/software/toolsbuild/slave2/workspace/Toolchain/release-csky-1/install/ --with-headers=/ldhome/software/toolsbuild/slave2/workspace/Toolchain/release-csky-1/install//csky-elfabiv2/include --with-lib=/ldhome/software/toolsbuild/slave2/workspace/Toolchain/release-csky-1/install//csky-elfabiv2/lib/ --with-mpfr=/ldhome/software/toolsbuild/slave2/workspace/Toolchain/release-csky-1/lib-for-gcc-x86_64-linux/ --with-gmp=/ldhome/software/toolsbuild/slave2/workspace/Toolchain/release-csky-1/lib-for-gcc-x86_64-linux/ --with-mpc=/ldhome/software/toolsbuild/slave2/workspace/Toolchain/release-csky-1/lib-for-gcc-x86_64-linux/ --with-cskyabi=abiv2 --with-pkgversion='T-HEAD C-SKY Tools V3.10.29 Minilibc abiv2 B20210423' --disable-tls --enable-threads=posix]
  ignore line: [Thread model: posix]
  ignore line: [gcc version 6.3.0 (T-HEAD C-SKY Tools V3.10.29 Minilibc abiv2 B20210423) ]
  ignore line: [COLLECT_GCC_OPTIONS='-Wall' '-D' 'TLS_CONFIG_CPU_XT804=1' '-D' 'GCC_COMPILE=1' '-mcpu=ck804ef' '-g' '-D' 'WM_SWD_ENABLE=1' '-std=gnu99' '-mfloat-abi=hard' '-fdata-sections' '-ffunction-sections' '-v' '-o' 'CMakeFiles/cmTC_8d2dc.dir/CMakeCCompilerABI.c.o' '-c']
  ignore line: [ /opt/toolchains/csky-elfabiv2-tools-x86_64-minilibc-20210423/bin/../libexec/gcc/csky-elfabiv2/6.3.0/cc1 -quiet -v -imultilib ck803/hard-fp -iprefix /opt/toolchains/csky-elfabiv2-tools-x86_64-minilibc-20210423/bin/../lib/gcc/csky-elfabiv2/6.3.0/ -D TLS_CONFIG_CPU_XT804=1 -D GCC_COMPILE=1 -D WM_SWD_ENABLE=1 /usr/share/cmake-3.16/Modules/CMakeCCompilerABI.c -quiet -dumpbase CMakeCCompilerABI.c -mcpu=ck804ef -mfloat-abi=hard -auxbase-strip CMakeFiles/cmTC_8d2dc.dir/CMakeCCompilerABI.c.o -g -Wall -std=gnu99 -version -fdata-sections -ffunction-sections -o /tmp/ccs5nLVL.s]
  ignore line: [GNU C99 (T-HEAD C-SKY Tools V3.10.29 Minilibc abiv2 B20210423) version 6.3.0 (csky-elfabiv2)]
  ignore line: [	compiled by GNU C version 6.4.0  GMP version 6.2.0  MPFR version 4.0.2  MPC version 1.1.0  isl version none]
  ignore line: [GGC heuristics: --param ggc-min-expand=100 --param ggc-min-heapsize=131072]
  ignore line: [ignoring duplicate directory "/opt/toolchains/csky-elfabiv2-tools-x86_64-minilibc-20210423/bin/../lib/gcc/../../lib/gcc/csky-elfabiv2/6.3.0/include"]
  ignore line: [ignoring duplicate directory "/opt/toolchains/csky-elfabiv2-tools-x86_64-minilibc-20210423/bin/../lib/gcc/../../lib/gcc/csky-elfabiv2/6.3.0/include-fixed"]
  ignore line: [ignoring duplicate directory "/opt/toolchains/csky-elfabiv2-tools-x86_64-minilibc-20210423/bin/../lib/gcc/../../lib/gcc/csky-elfabiv2/6.3.0/../../../../csky-elfabiv2/sys-include"]
  ignore line: [ignoring duplicate directory "/opt/toolchains/csky-elfabiv2-tools-x86_64-minilibc-20210423/bin/../lib/gcc/../../lib/gcc/csky-elfabiv2/6.3.0/../../../../csky-elfabiv2/include"]
  ignore line: [#include "..." search starts here:]
  ignore line: [#include <...> search starts here:]
  ignore line: [ /opt/toolchains/csky-elfabiv2-tools-x86_64-minilibc-20210423/bin/../lib/gcc/csky-elfabiv2/6.3.0/include]
  ignore line: [ /opt/toolchains/csky-elfabiv2-tools-x86_64-minilibc-20210423/bin/../lib/gcc/csky-elfabiv2/6.3.0/include-fixed]
  ignore line: [ /opt/toolchains/csky-elfabiv2-tools-x86_64-minilibc-20210423/bin/../lib/gcc/csky-elfabiv2/6.3.0/../../../../csky-elfabiv2/sys-include]
  ignore line: [ /opt/toolchains/csky-elfabiv2-tools-x86_64-minilibc-20210423/bin/../lib/gcc/csky-elfabiv2/6.3.0/../../../../csky-elfabiv2/include]
  ignore line: [End of search list.]
  ignore line: [GNU C99 (T-HEAD C-SKY Tools V3.10.29 Minilibc abiv2 B20210423) version 6.3.0 (csky-elfabiv2)]
  ignore line: [	compiled by GNU C version 6.4.0  GMP version 6.2.0  MPFR version 4.0.2  MPC version 1.1.0  isl version none]
  ignore line: [GGC heuristics: --param ggc-min-expand=100 --param ggc-min-heapsize=131072]
  ignore line: [Compiler executable checksum: 775c5ebf0de1ed9a4abb4de5b16af40d]
  ignore line: [COLLECT_GCC_OPTIONS='-Wall' '-D' 'TLS_CONFIG_CPU_XT804=1' '-D' 'GCC_COMPILE=1' '-mcpu=ck804ef' '-g' '-D' 'WM_SWD_ENABLE=1' '-std=gnu99' '-mfloat-abi=hard' '-fdata-sections' '-ffunction-sections' '-v' '-o' 'CMakeFiles/cmTC_8d2dc.dir/CMakeCCompilerABI.c.o' '-c']
  ignore line: [ /opt/toolchains/csky-elfabiv2-tools-x86_64-minilibc-20210423/bin/../lib/gcc/csky-elfabiv2/6.3.0/../../../../csky-elfabiv2/bin/as -mcpu=ck804ef -mhard-float -o CMakeFiles/cmTC_8d2dc.dir/CMakeCCompilerABI.c.o /tmp/ccs5nLVL.s]
  ignore line: [COMPILER_PATH=/opt/toolchains/csky-elfabiv2-tools-x86_64-minilibc-20210423/bin/../libexec/gcc/csky-elfabiv2/6.3.0/:/opt/toolchains/csky-elfabiv2-tools-x86_64-minilibc-20210423/bin/../libexec/gcc/:/opt/toolchains/csky-elfabiv2-tools-x86_64-minilibc-20210423/bin/../lib/gcc/csky-elfabiv2/6.3.0/../../../../csky-elfabiv2/bin/]
  ignore line: [LIBRARY_PATH=/opt/toolchains/csky-elfabiv2-tools-x86_64-minilibc-20210423/bin/../lib/gcc/csky-elfabiv2/6.3.0/ck803/hard-fp/:/opt/toolchains/csky-elfabiv2-tools-x86_64-minilibc-20210423/bin/../lib/gcc/csky-elfabiv2/6.3.0/../../../../csky-elfabiv2/lib/ck803/hard-fp/:/opt/toolchains/csky-elfabiv2-tools-x86_64-minilibc-20210423/bin/../lib/gcc/csky-elfabiv2/6.3.0/:/opt/toolchains/csky-elfabiv2-tools-x86_64-minilibc-20210423/bin/../lib/gcc/:/opt/toolchains/csky-elfabiv2-tools-x86_64-minilibc-20210423/bin/../lib/gcc/csky-elfabiv2/6.3.0/../../../../csky-elfabiv2/lib/]
  ignore line: [COLLECT_GCC_OPTIONS='-Wall' '-D' 'TLS_CONFIG_CPU_XT804=1' '-D' 'GCC_COMPILE=1' '-mcpu=ck804ef' '-g' '-D' 'WM_SWD_ENABLE=1' '-std=gnu99' '-mfloat-abi=hard' '-fdata-sections' '-ffunction-sections' '-v' '-o' 'CMakeFiles/cmTC_8d2dc.dir/CMakeCCompilerABI.c.o' '-c']
  ignore line: [[2/2] Linking C executable cmTC_8d2dc]
  ignore line: [Using built-in specs.]
  ignore line: [COLLECT_GCC=/opt/toolchains/csky-elfabiv2-tools-x86_64-minilibc-20210423/bin/csky-abiv2-elf-gcc]
  ignore line: [COLLECT_LTO_WRAPPER=/opt/toolchains/csky-elfabiv2-tools-x86_64-minilibc-20210423/bin/../libexec/gcc/csky-elfabiv2/6.3.0/lto-wrapper]
  ignore line: [Target: csky-elfabiv2]
  ignore line: [Configured with: /ldhome/software/toolsbuild/slave2/workspace/Toolchain/release-csky-1/source//gcc/configure x86_64-linux --enable-languages=c c++ --disable-threads --enable-sjlj-exceptions --disable-shared --enable-libssp --target=csky-elfabiv2 --prefix=/ldhome/software/toolsbuild/slave2/workspace/Toolchain/release-csky-1/install/ --with-headers=/ldhome/software/toolsbuild/slave2/workspace/Toolchain/release-csky-1/install//csky-elfabiv2/include --with-lib=/ldhome/software/toolsbuild/slave2/workspace/Toolchain/release-csky-1/install//csky-elfabiv2/lib/ --with-mpfr=/ldhome/software/toolsbuild/slave2/workspace/Toolchain/release-csky-1/lib-for-gcc-x86_64-linux/ --with-gmp=/ldhome/software/toolsbuild/slave2/workspace/Toolchain/release-csky-1/lib-for-gcc-x86_64-linux/ --with-mpc=/ldhome/software/toolsbuild/slave2/workspace/Toolchain/release-csky-1/lib-for-gcc-x86_64-linux/ --with-cskyabi=abiv2 --with-pkgversion='T-HEAD C-SKY Tools V3.10.29 Minilibc abiv2 B20210423' --disable-tls --enable-threads=posix]
  ignore line: [Thread model: posix]
  ignore line: [gcc version 6.3.0 (T-HEAD C-SKY Tools V3.10.29 Minilibc abiv2 B20210423) ]
  ignore line: [COMPILER_PATH=/opt/toolchains/csky-elfabiv2-tools-x86_64-minilibc-20210423/bin/../libexec/gcc/csky-elfabiv2/6.3.0/:/opt/toolchains/csky-elfabiv2-tools-x86_64-minilibc-20210423/bin/../libexec/gcc/:/opt/toolchains/csky-elfabiv2-tools-x86_64-minilibc-20210423/bin/../lib/gcc/csky-elfabiv2/6.3.0/../../../../csky-elfabiv2/bin/]
  ignore line: [LIBRARY_PATH=/opt/toolchains/csky-elfabiv2-tools-x86_64-minilibc-20210423/bin/../lib/gcc/csky-elfabiv2/6.3.0/ck803/hard-fp/:/opt/toolchains/csky-elfabiv2-tools-x86_64-minilibc-20210423/bin/../lib/gcc/csky-elfabiv2/6.3.0/../../../../csky-elfabiv2/lib/ck803/hard-fp/:/opt/toolchains/csky-elfabiv2-tools-x86_64-minilibc-20210423/bin/../lib/gcc/csky-elfabiv2/6.3.0/:/opt/toolchains/csky-elfabiv2-tools-x86_64-minilibc-20210423/bin/../lib/gcc/:/opt/toolchains/csky-elfabiv2-tools-x86_64-minilibc-20210423/bin/../lib/gcc/csky-elfabiv2/6.3.0/../../../../csky-elfabiv2/lib/]
  ignore line: [COLLECT_GCC_OPTIONS='-Wall' '-D' 'TLS_CONFIG_CPU_XT804=1' '-D' 'GCC_COMPILE=1' '-mcpu=ck804ef' '-g' '-D' 'WM_SWD_ENABLE=1' '-std=gnu99' '-mfloat-abi=hard' '-fdata-sections' '-ffunction-sections' '-nostartfiles' '-v' '-o' 'cmTC_8d2dc']
  link line: [ /opt/toolchains/csky-elfabiv2-tools-x86_64-minilibc-20210423/bin/../libexec/gcc/csky-elfabiv2/6.3.0/collect2 -plugin /opt/toolchains/csky-elfabiv2-tools-x86_64-minilibc-20210423/bin/../libexec/gcc/csky-elfabiv2/6.3.0/liblto_plugin.so -plugin-opt=/opt/toolchains/csky-elfabiv2-tools-x86_64-minilibc-20210423/bin/../libexec/gcc/csky-elfabiv2/6.3.0/lto-wrapper -plugin-opt=-fresolution=/tmp/ccINlN7O.res -plugin-opt=-pass-through=-lgcc -plugin-opt=-pass-through=-lc -plugin-opt=-pass-through=-lgcc -X -o cmTC_8d2dc -L/opt/toolchains/csky-elfabiv2-tools-x86_64-minilibc-20210423/bin/../lib/gcc/csky-elfabiv2/6.3.0/ck803/hard-fp -L/opt/toolchains/csky-elfabiv2-tools-x86_64-minilibc-20210423/bin/../lib/gcc/csky-elfabiv2/6.3.0/../../../../csky-elfabiv2/lib/ck803/hard-fp -L/opt/toolchains/csky-elfabiv2-tools-x86_64-minilibc-20210423/bin/../lib/gcc/csky-elfabiv2/6.3.0 -L/opt/toolchains/csky-elfabiv2-tools-x86_64-minilibc-20210423/bin/../lib/gcc -L/opt/toolchains/csky-elfabiv2-tools-x86_64-minilibc-20210423/bin/../lib/gcc/csky-elfabiv2/6.3.0/../../../../csky-elfabiv2/lib --gc-sections -zmax-page-size=1024 --whole-archive -lm -T/home/daniel/git/EFIGenieW806/wm-sdk-w806/ld/W806/gcc_csky.ld /home/daniel/git/EFIGenieW806/wm-sdk-w806/bin/build/W806/lib/libwmlibc.a CMakeFiles/cmTC_8d2dc.dir/CMakeCCompilerABI.c.o -lgcc --whole-archive --no-whole-archive -lc -lgcc]
    arg [/opt/toolchains/csky-elfabiv2-tools-x86_64-minilibc-20210423/bin/../libexec/gcc/csky-elfabiv2/6.3.0/collect2] ==> ignore
    arg [-plugin] ==> ignore
    arg [/opt/toolchains/csky-elfabiv2-tools-x86_64-minilibc-20210423/bin/../libexec/gcc/csky-elfabiv2/6.3.0/liblto_plugin.so] ==> ignore
    arg [-plugin-opt=/opt/toolchains/csky-elfabiv2-tools-x86_64-minilibc-20210423/bin/../libexec/gcc/csky-elfabiv2/6.3.0/lto-wrapper] ==> ignore
    arg [-plugin-opt=-fresolution=/tmp/ccINlN7O.res] ==> ignore
    arg [-plugin-opt=-pass-through=-lgcc] ==> ignore
    arg [-plugin-opt=-pass-through=-lc] ==> ignore
    arg [-plugin-opt=-pass-through=-lgcc] ==> ignore
    arg [-X] ==> ignore
    arg [-o] ==> ignore
    arg [cmTC_8d2dc] ==> ignore
    arg [-L/opt/toolchains/csky-elfabiv2-tools-x86_64-minilibc-20210423/bin/../lib/gcc/csky-elfabiv2/6.3.0/ck803/hard-fp] ==> dir [/opt/toolchains/csky-elfabiv2-tools-x86_64-minilibc-20210423/bin/../lib/gcc/csky-elfabiv2/6.3.0/ck803/hard-fp]
    arg [-L/opt/toolchains/csky-elfabiv2-tools-x86_64-minilibc-20210423/bin/../lib/gcc/csky-elfabiv2/6.3.0/../../../../csky-elfabiv2/lib/ck803/hard-fp] ==> dir [/opt/toolchains/csky-elfabiv2-tools-x86_64-minilibc-20210423/bin/../lib/gcc/csky-elfabiv2/6.3.0/../../../../csky-elfabiv2/lib/ck803/hard-fp]
    arg [-L/opt/toolchains/csky-elfabiv2-tools-x86_64-minilibc-20210423/bin/../lib/gcc/csky-elfabiv2/6.3.0] ==> dir [/opt/toolchains/csky-elfabiv2-tools-x86_64-minilibc-20210423/bin/../lib/gcc/csky-elfabiv2/6.3.0]
    arg [-L/opt/toolchains/csky-elfabiv2-tools-x86_64-minilibc-20210423/bin/../lib/gcc] ==> dir [/opt/toolchains/csky-elfabiv2-tools-x86_64-minilibc-20210423/bin/../lib/gcc]
    arg [-L/opt/toolchains/csky-elfabiv2-tools-x86_64-minilibc-20210423/bin/../lib/gcc/csky-elfabiv2/6.3.0/../../../../csky-elfabiv2/lib] ==> dir [/opt/toolchains/csky-elfabiv2-tools-x86_64-minilibc-20210423/bin/../lib/gcc/csky-elfabiv2/6.3.0/../../../../csky-elfabiv2/lib]
    arg [--gc-sections] ==> ignore
    arg [-zmax-page-size=1024] ==> ignore
    arg [--whole-archive] ==> ignore
    arg [-lm] ==> lib [m]
    arg [-T/home/daniel/git/EFIGenieW806/wm-sdk-w806/ld/W806/gcc_csky.ld] ==> ignore
    arg [/home/daniel/git/EFIGenieW806/wm-sdk-w806/bin/build/W806/lib/libwmlibc.a] ==> lib [/home/daniel/git/EFIGenieW806/wm-sdk-w806/bin/build/W806/lib/libwmlibc.a]
    arg [CMakeFiles/cmTC_8d2dc.dir/CMakeCCompilerABI.c.o] ==> ignore
    arg [-lgcc] ==> lib [gcc]
    arg [--whole-archive] ==> ignore
    arg [--no-whole-archive] ==> ignore
    arg [-lc] ==> lib [c]
    arg [-lgcc] ==> lib [gcc]
  collapse library dir [/opt/toolchains/csky-elfabiv2-tools-x86_64-minilibc-20210423/bin/../lib/gcc/csky-elfabiv2/6.3.0/ck803/hard-fp] ==> [/opt/toolchains/csky-elfabiv2-tools-x86_64-minilibc-20210423/lib/gcc/csky-elfabiv2/6.3.0/ck803/hard-fp]
  collapse library dir [/opt/toolchains/csky-elfabiv2-tools-x86_64-minilibc-20210423/bin/../lib/gcc/csky-elfabiv2/6.3.0/../../../../csky-elfabiv2/lib/ck803/hard-fp] ==> [/opt/toolchains/csky-elfabiv2-tools-x86_64-minilibc-20210423/csky-elfabiv2/lib/ck803/hard-fp]
  collapse library dir [/opt/toolchains/csky-elfabiv2-tools-x86_64-minilibc-20210423/bin/../lib/gcc/csky-elfabiv2/6.3.0] ==> [/opt/toolchains/csky-elfabiv2-tools-x86_64-minilibc-20210423/lib/gcc/csky-elfabiv2/6.3.0]
  collapse library dir [/opt/toolchains/csky-elfabiv2-tools-x86_64-minilibc-20210423/bin/../lib/gcc] ==> [/opt/toolchains/csky-elfabiv2-tools-x86_64-minilibc-20210423/lib/gcc]
  collapse library dir [/opt/toolchains/csky-elfabiv2-tools-x86_64-minilibc-20210423/bin/../lib/gcc/csky-elfabiv2/6.3.0/../../../../csky-elfabiv2/lib] ==> [/opt/toolchains/csky-elfabiv2-tools-x86_64-minilibc-20210423/csky-elfabiv2/lib]
  implicit libs: [m;/home/daniel/git/EFIGenieW806/wm-sdk-w806/bin/build/W806/lib/libwmlibc.a;gcc;c;gcc]
  implicit dirs: [/opt/toolchains/csky-elfabiv2-tools-x86_64-minilibc-20210423/lib/gcc/csky-elfabiv2/6.3.0/ck803/hard-fp;/opt/toolchains/csky-elfabiv2-tools-x86_64-minilibc-20210423/csky-elfabiv2/lib/ck803/hard-fp;/opt/toolchains/csky-elfabiv2-tools-x86_64-minilibc-20210423/lib/gcc/csky-elfabiv2/6.3.0;/opt/toolchains/csky-elfabiv2-tools-x86_64-minilibc-20210423/lib/gcc;/opt/toolchains/csky-elfabiv2-tools-x86_64-minilibc-20210423/csky-elfabiv2/lib]
  implicit fwks: []


Determining if the CXX compiler works passed with the following output:
Change Dir: /home/daniel/git/EFIGenieW806/build/W806-Debug/CMakeFiles/CMakeTmp

Run Build Command(s):/usr/bin/ninja cmTC_7c79a && [1/2] Building CXX object CMakeFiles/cmTC_7c79a.dir/testCXXCompiler.cxx.o
[2/2] Linking CXX executable cmTC_7c79a
/opt/toolchains/csky-elfabiv2-tools-x86_64-minilibc-20210423/bin/../lib/gcc/csky-elfabiv2/6.3.0/../../../../csky-elfabiv2/bin/ld: warning: cannot find entry symbol Reset_Handler; defaulting to 0000000008010400



Detecting CXX compiler ABI info compiled with the following output:
Change Dir: /home/daniel/git/EFIGenieW806/build/W806-Debug/CMakeFiles/CMakeTmp

Run Build Command(s):/usr/bin/ninja cmTC_7213a && [1/2] Building CXX object CMakeFiles/cmTC_7213a.dir/CMakeCXXCompilerABI.cpp.o
Using built-in specs.
COLLECT_GCC=/opt/toolchains/csky-elfabiv2-tools-x86_64-minilibc-20210423/bin/csky-abiv2-elf-g++
Target: csky-elfabiv2
Configured with: /ldhome/software/toolsbuild/slave2/workspace/Toolchain/release-csky-1/source//gcc/configure x86_64-linux --enable-languages=c,c++ --disable-threads --enable-sjlj-exceptions --disable-shared --enable-libssp --target=csky-elfabiv2 --prefix=/ldhome/software/toolsbuild/slave2/workspace/Toolchain/release-csky-1/install/ --with-headers=/ldhome/software/toolsbuild/slave2/workspace/Toolchain/release-csky-1/install//csky-elfabiv2/include --with-lib=/ldhome/software/toolsbuild/slave2/workspace/Toolchain/release-csky-1/install//csky-elfabiv2/lib/ --with-mpfr=/ldhome/software/toolsbuild/slave2/workspace/Toolchain/release-csky-1/lib-for-gcc-x86_64-linux/ --with-gmp=/ldhome/software/toolsbuild/slave2/workspace/Toolchain/release-csky-1/lib-for-gcc-x86_64-linux/ --with-mpc=/ldhome/software/toolsbuild/slave2/workspace/Toolchain/release-csky-1/lib-for-gcc-x86_64-linux/ --with-cskyabi=abiv2 --with-pkgversion='T-HEAD C-SKY Tools V3.10.29 Minilibc abiv2 B20210423' --disable-tls --enable-threads=posix
Thread model: posix
gcc version 6.3.0 (T-HEAD C-SKY Tools V3.10.29 Minilibc abiv2 B20210423) 
COLLECT_GCC_OPTIONS='-Wall' '-D' 'TLS_CONFIG_CPU_XT804=1' '-D' 'GCC_COMPILE=1' '-mcpu=ck804ef' '-g' '-D' 'WM_SWD_ENABLE=1' '-std=gnu++11' '-mfloat-abi=hard' '-fdata-sections' '-ffunction-sections' '-v' '-o' 'CMakeFiles/cmTC_7213a.dir/CMakeCXXCompilerABI.cpp.o' '-c'
 /opt/toolchains/csky-elfabiv2-tools-x86_64-minilibc-20210423/bin/../libexec/gcc/csky-elfabiv2/6.3.0/cc1plus -quiet -v -imultilib ck803/hard-fp -iprefix /opt/toolchains/csky-elfabiv2-tools-x86_64-minilibc-20210423/bin/../lib/gcc/csky-elfabiv2/6.3.0/ -D_GNU_SOURCE -D TLS_CONFIG_CPU_XT804=1 -D GCC_COMPILE=1 -D WM_SWD_ENABLE=1 /usr/share/cmake-3.16/Modules/CMakeCXXCompilerABI.cpp -quiet -dumpbase CMakeCXXCompilerABI.cpp -mcpu=ck804ef -mfloat-abi=hard -auxbase-strip CMakeFiles/cmTC_7213a.dir/CMakeCXXCompilerABI.cpp.o -g -Wall -std=gnu++11 -version -fdata-sections -ffunction-sections -o /tmp/ccbo7Jni.s
GNU C++11 (T-HEAD C-SKY Tools V3.10.29 Minilibc abiv2 B20210423) version 6.3.0 (csky-elfabiv2)
	compiled by GNU C version 6.4.0, GMP version 6.2.0, MPFR version 4.0.2, MPC version 1.1.0, isl version none
GGC heuristics: --param ggc-min-expand=100 --param ggc-min-heapsize=131072
ignoring duplicate directory "/opt/toolchains/csky-elfabiv2-tools-x86_64-minilibc-20210423/bin/../lib/gcc/../../lib/gcc/csky-elfabiv2/6.3.0/../../../../csky-elfabiv2/include/c++/6.3.0"
ignoring duplicate directory "/opt/toolchains/csky-elfabiv2-tools-x86_64-minilibc-20210423/bin/../lib/gcc/../../lib/gcc/csky-elfabiv2/6.3.0/../../../../csky-elfabiv2/include/c++/6.3.0/csky-elfabiv2/ck803/hard-fp"
ignoring duplicate directory "/opt/toolchains/csky-elfabiv2-tools-x86_64-minilibc-20210423/bin/../lib/gcc/../../lib/gcc/csky-elfabiv2/6.3.0/../../../../csky-elfabiv2/include/c++/6.3.0/backward"
ignoring duplicate directory "/opt/toolchains/csky-elfabiv2-tools-x86_64-minilibc-20210423/bin/../lib/gcc/../../lib/gcc/csky-elfabiv2/6.3.0/include"
ignoring duplicate directory "/opt/toolchains/csky-elfabiv2-tools-x86_64-minilibc-20210423/bin/../lib/gcc/../../lib/gcc/csky-elfabiv2/6.3.0/include-fixed"
ignoring duplicate directory "/opt/toolchains/csky-elfabiv2-tools-x86_64-minilibc-20210423/bin/../lib/gcc/../../lib/gcc/csky-elfabiv2/6.3.0/../../../../csky-elfabiv2/sys-include"
ignoring duplicate directory "/opt/toolchains/csky-elfabiv2-tools-x86_64-minilibc-20210423/bin/../lib/gcc/../../lib/gcc/csky-elfabiv2/6.3.0/../../../../csky-elfabiv2/include"
#include "..." search starts here:
#include <...> search starts here:
 /opt/toolchains/csky-elfabiv2-tools-x86_64-minilibc-20210423/bin/../lib/gcc/csky-elfabiv2/6.3.0/../../../../csky-elfabiv2/include/c++/6.3.0
 /opt/toolchains/csky-elfabiv2-tools-x86_64-minilibc-20210423/bin/../lib/gcc/csky-elfabiv2/6.3.0/../../../../csky-elfabiv2/include/c++/6.3.0/csky-elfabiv2/ck803/hard-fp
 /opt/toolchains/csky-elfabiv2-tools-x86_64-minilibc-20210423/bin/../lib/gcc/csky-elfabiv2/6.3.0/../../../../csky-elfabiv2/include/c++/6.3.0/backward
 /opt/toolchains/csky-elfabiv2-tools-x86_64-minilibc-20210423/bin/../lib/gcc/csky-elfabiv2/6.3.0/include
 /opt/toolchains/csky-elfabiv2-tools-x86_64-minilibc-20210423/bin/../lib/gcc/csky-elfabiv2/6.3.0/include-fixed
 /opt/toolchains/csky-elfabiv2-tools-x86_64-minilibc-20210423/bin/../lib/gcc/csky-elfabiv2/6.3.0/../../../../csky-elfabiv2/sys-include
 /opt/toolchains/csky-elfabiv2-tools-x86_64-minilibc-20210423/bin/../lib/gcc/csky-elfabiv2/6.3.0/../../../../csky-elfabiv2/include
End of search list.
GNU C++11 (T-HEAD C-SKY Tools V3.10.29 Minilibc abiv2 B20210423) version 6.3.0 (csky-elfabiv2)
	compiled by GNU C version 6.4.0, GMP version 6.2.0, MPFR version 4.0.2, MPC version 1.1.0, isl version none
GGC heuristics: --param ggc-min-expand=100 --param ggc-min-heapsize=131072
Compiler executable checksum: ad1741bcf224e78af9bc8d2e66fb1f79
COLLECT_GCC_OPTIONS='-Wall' '-D' 'TLS_CONFIG_CPU_XT804=1' '-D' 'GCC_COMPILE=1' '-mcpu=ck804ef' '-g' '-D' 'WM_SWD_ENABLE=1' '-std=gnu++11' '-mfloat-abi=hard' '-fdata-sections' '-ffunction-sections' '-v' '-o' 'CMakeFiles/cmTC_7213a.dir/CMakeCXXCompilerABI.cpp.o' '-c'
 /opt/toolchains/csky-elfabiv2-tools-x86_64-minilibc-20210423/bin/../lib/gcc/csky-elfabiv2/6.3.0/../../../../csky-elfabiv2/bin/as -mcpu=ck804ef -mhard-float -o CMakeFiles/cmTC_7213a.dir/CMakeCXXCompilerABI.cpp.o /tmp/ccbo7Jni.s
COMPILER_PATH=/opt/toolchains/csky-elfabiv2-tools-x86_64-minilibc-20210423/bin/../libexec/gcc/csky-elfabiv2/6.3.0/:/opt/toolchains/csky-elfabiv2-tools-x86_64-minilibc-20210423/bin/../libexec/gcc/:/opt/toolchains/csky-elfabiv2-tools-x86_64-minilibc-20210423/bin/../lib/gcc/csky-elfabiv2/6.3.0/../../../../csky-elfabiv2/bin/
LIBRARY_PATH=/opt/toolchains/csky-elfabiv2-tools-x86_64-minilibc-20210423/bin/../lib/gcc/csky-elfabiv2/6.3.0/ck803/hard-fp/:/opt/toolchains/csky-elfabiv2-tools-x86_64-minilibc-20210423/bin/../lib/gcc/csky-elfabiv2/6.3.0/../../../../csky-elfabiv2/lib/ck803/hard-fp/:/opt/toolchains/csky-elfabiv2-tools-x86_64-minilibc-20210423/bin/../lib/gcc/csky-elfabiv2/6.3.0/:/opt/toolchains/csky-elfabiv2-tools-x86_64-minilibc-20210423/bin/../lib/gcc/:/opt/toolchains/csky-elfabiv2-tools-x86_64-minilibc-20210423/bin/../lib/gcc/csky-elfabiv2/6.3.0/../../../../csky-elfabiv2/lib/
COLLECT_GCC_OPTIONS='-Wall' '-D' 'TLS_CONFIG_CPU_XT804=1' '-D' 'GCC_COMPILE=1' '-mcpu=ck804ef' '-g' '-D' 'WM_SWD_ENABLE=1' '-std=gnu++11' '-mfloat-abi=hard' '-fdata-sections' '-ffunction-sections' '-v' '-o' 'CMakeFiles/cmTC_7213a.dir/CMakeCXXCompilerABI.cpp.o' '-c'
[2/2] Linking CXX executable cmTC_7213a
Using built-in specs.
COLLECT_GCC=/opt/toolchains/csky-elfabiv2-tools-x86_64-minilibc-20210423/bin/csky-abiv2-elf-g++
COLLECT_LTO_WRAPPER=/opt/toolchains/csky-elfabiv2-tools-x86_64-minilibc-20210423/bin/../libexec/gcc/csky-elfabiv2/6.3.0/lto-wrapper
Target: csky-elfabiv2
Configured with: /ldhome/software/toolsbuild/slave2/workspace/Toolchain/release-csky-1/source//gcc/configure x86_64-linux --enable-languages=c,c++ --disable-threads --enable-sjlj-exceptions --disable-shared --enable-libssp --target=csky-elfabiv2 --prefix=/ldhome/software/toolsbuild/slave2/workspace/Toolchain/release-csky-1/install/ --with-headers=/ldhome/software/toolsbuild/slave2/workspace/Toolchain/release-csky-1/install//csky-elfabiv2/include --with-lib=/ldhome/software/toolsbuild/slave2/workspace/Toolchain/release-csky-1/install//csky-elfabiv2/lib/ --with-mpfr=/ldhome/software/toolsbuild/slave2/workspace/Toolchain/release-csky-1/lib-for-gcc-x86_64-linux/ --with-gmp=/ldhome/software/toolsbuild/slave2/workspace/Toolchain/release-csky-1/lib-for-gcc-x86_64-linux/ --with-mpc=/ldhome/software/toolsbuild/slave2/workspace/Toolchain/release-csky-1/lib-for-gcc-x86_64-linux/ --with-cskyabi=abiv2 --with-pkgversion='T-HEAD C-SKY Tools V3.10.29 Minilibc abiv2 B20210423' --disable-tls --enable-threads=posix
Thread model: posix
gcc version 6.3.0 (T-HEAD C-SKY Tools V3.10.29 Minilibc abiv2 B20210423) 
COMPILER_PATH=/opt/toolchains/csky-elfabiv2-tools-x86_64-minilibc-20210423/bin/../libexec/gcc/csky-elfabiv2/6.3.0/:/opt/toolchains/csky-elfabiv2-tools-x86_64-minilibc-20210423/bin/../libexec/gcc/:/opt/toolchains/csky-elfabiv2-tools-x86_64-minilibc-20210423/bin/../lib/gcc/csky-elfabiv2/6.3.0/../../../../csky-elfabiv2/bin/
LIBRARY_PATH=/opt/toolchains/csky-elfabiv2-tools-x86_64-minilibc-20210423/bin/../lib/gcc/csky-elfabiv2/6.3.0/ck803/hard-fp/:/opt/toolchains/csky-elfabiv2-tools-x86_64-minilibc-20210423/bin/../lib/gcc/csky-elfabiv2/6.3.0/../../../../csky-elfabiv2/lib/ck803/hard-fp/:/opt/toolchains/csky-elfabiv2-tools-x86_64-minilibc-20210423/bin/../lib/gcc/csky-elfabiv2/6.3.0/:/opt/toolchains/csky-elfabiv2-tools-x86_64-minilibc-20210423/bin/../lib/gcc/:/opt/toolchains/csky-elfabiv2-tools-x86_64-minilibc-20210423/bin/../lib/gcc/csky-elfabiv2/6.3.0/../../../../csky-elfabiv2/lib/
COLLECT_GCC_OPTIONS='-Wall' '-D' 'TLS_CONFIG_CPU_XT804=1' '-D' 'GCC_COMPILE=1' '-mcpu=ck804ef' '-g' '-D' 'WM_SWD_ENABLE=1' '-std=gnu++11' '-mfloat-abi=hard' '-fdata-sections' '-ffunction-sections' '-nostartfiles' '-v' '-o' 'cmTC_7213a'
 /opt/toolchains/csky-elfabiv2-tools-x86_64-minilibc-20210423/bin/../libexec/gcc/csky-elfabiv2/6.3.0/collect2 -plugin /opt/toolchains/csky-elfabiv2-tools-x86_64-minilibc-20210423/bin/../libexec/gcc/csky-elfabiv2/6.3.0/liblto_plugin.so -plugin-opt=/opt/toolchains/csky-elfabiv2-tools-x86_64-minilibc-20210423/bin/../libexec/gcc/csky-elfabiv2/6.3.0/lto-wrapper -plugin-opt=-fresolution=/tmp/ccn6tYGg.res -plugin-opt=-pass-through=-lgcc -plugin-opt=-pass-through=-lc -plugin-opt=-pass-through=-lgcc -X -o cmTC_7213a -L/opt/toolchains/csky-elfabiv2-tools-x86_64-minilibc-20210423/bin/../lib/gcc/csky-elfabiv2/6.3.0/ck803/hard-fp -L/opt/toolchains/csky-elfabiv2-tools-x86_64-minilibc-20210423/bin/../lib/gcc/csky-elfabiv2/6.3.0/../../../../csky-elfabiv2/lib/ck803/hard-fp -L/opt/toolchains/csky-elfabiv2-tools-x86_64-minilibc-20210423/bin/../lib/gcc/csky-elfabiv2/6.3.0 -L/opt/toolchains/csky-elfabiv2-tools-x86_64-minilibc-20210423/bin/../lib/gcc -L/opt/toolchains/csky-elfabiv2-tools-x86_64-minilibc-20210423/bin/../lib/gcc/csky-elfabiv2/6.3.0/../../../../csky-elfabiv2/lib --gc-sections -zmax-page-size=1024 --whole-archive -T/home/daniel/git/EFIGenieW806/wm-sdk-w806/ld/W806/gcc_csky.ld /home/daniel/git/EFIGenieW806/wm-sdk-w806/bin/build/W806/lib/libwmlibc.a CMakeFiles/cmTC_7213a.dir/CMakeCXXCompilerABI.cpp.o -lstdc++ -lm -lgcc --whole-archive --no-whole-archive -lc -lgcc
/opt/toolchains/csky-elfabiv2-tools-x86_64-minilibc-20210423/bin/../lib/gcc/csky-elfabiv2/6.3.0/../../../../csky-elfabiv2/bin/ld: warning: cannot find entry symbol Reset_Handler; defaulting to 0000000008010400
COLLECT_GCC_OPTIONS='-Wall' '-D' 'TLS_CONFIG_CPU_XT804=1' '-D' 'GCC_COMPILE=1' '-mcpu=ck804ef' '-g' '-D' 'WM_SWD_ENABLE=1' '-std=gnu++11' '-mfloat-abi=hard' '-fdata-sections' '-ffunction-sections' '-nostartfiles' '-v' '-o' 'cmTC_7213a'



Parsed CXX implicit include dir info from above output: rv=done
  found start of include info
  found start of implicit include info
    add: [/opt/toolchains/csky-elfabiv2-tools-x86_64-minilibc-20210423/bin/../lib/gcc/csky-elfabiv2/6.3.0/../../../../csky-elfabiv2/include/c++/6.3.0]
    add: [/opt/toolchains/csky-elfabiv2-tools-x86_64-minilibc-20210423/bin/../lib/gcc/csky-elfabiv2/6.3.0/../../../../csky-elfabiv2/include/c++/6.3.0/csky-elfabiv2/ck803/hard-fp]
    add: [/opt/toolchains/csky-elfabiv2-tools-x86_64-minilibc-20210423/bin/../lib/gcc/csky-elfabiv2/6.3.0/../../../../csky-elfabiv2/include/c++/6.3.0/backward]
    add: [/opt/toolchains/csky-elfabiv2-tools-x86_64-minilibc-20210423/bin/../lib/gcc/csky-elfabiv2/6.3.0/include]
    add: [/opt/toolchains/csky-elfabiv2-tools-x86_64-minilibc-20210423/bin/../lib/gcc/csky-elfabiv2/6.3.0/include-fixed]
    add: [/opt/toolchains/csky-elfabiv2-tools-x86_64-minilibc-20210423/bin/../lib/gcc/csky-elfabiv2/6.3.0/../../../../csky-elfabiv2/sys-include]
    add: [/opt/toolchains/csky-elfabiv2-tools-x86_64-minilibc-20210423/bin/../lib/gcc/csky-elfabiv2/6.3.0/../../../../csky-elfabiv2/include]
  end of search list found
  collapse include dir [/opt/toolchains/csky-elfabiv2-tools-x86_64-minilibc-20210423/bin/../lib/gcc/csky-elfabiv2/6.3.0/../../../../csky-elfabiv2/include/c++/6.3.0] ==> [/opt/toolchains/csky-elfabiv2-tools-x86_64-minilibc-20210423/csky-elfabiv2/include/c++/6.3.0]
  collapse include dir [/opt/toolchains/csky-elfabiv2-tools-x86_64-minilibc-20210423/bin/../lib/gcc/csky-elfabiv2/6.3.0/../../../../csky-elfabiv2/include/c++/6.3.0/csky-elfabiv2/ck803/hard-fp] ==> [/opt/toolchains/csky-elfabiv2-tools-x86_64-minilibc-20210423/csky-elfabiv2/include/c++/6.3.0/csky-elfabiv2/ck803/hard-fp]
  collapse include dir [/opt/toolchains/csky-elfabiv2-tools-x86_64-minilibc-20210423/bin/../lib/gcc/csky-elfabiv2/6.3.0/../../../../csky-elfabiv2/include/c++/6.3.0/backward] ==> [/opt/toolchains/csky-elfabiv2-tools-x86_64-minilibc-20210423/csky-elfabiv2/include/c++/6.3.0/backward]
  collapse include dir [/opt/toolchains/csky-elfabiv2-tools-x86_64-minilibc-20210423/bin/../lib/gcc/csky-elfabiv2/6.3.0/include] ==> [/opt/toolchains/csky-elfabiv2-tools-x86_64-minilibc-20210423/lib/gcc/csky-elfabiv2/6.3.0/include]
  collapse include dir [/opt/toolchains/csky-elfabiv2-tools-x86_64-minilibc-20210423/bin/../lib/gcc/csky-elfabiv2/6.3.0/include-fixed] ==> [/opt/toolchains/csky-elfabiv2-tools-x86_64-minilibc-20210423/lib/gcc/csky-elfabiv2/6.3.0/include-fixed]
  collapse include dir [/opt/toolchains/csky-elfabiv2-tools-x86_64-minilibc-20210423/bin/../lib/gcc/csky-elfabiv2/6.3.0/../../../../csky-elfabiv2/sys-include] ==> [/opt/toolchains/csky-elfabiv2-tools-x86_64-minilibc-20210423/csky-elfabiv2/sys-include]
  collapse include dir [/opt/toolchains/csky-elfabiv2-tools-x86_64-minilibc-20210423/bin/../lib/gcc/csky-elfabiv2/6.3.0/../../../../csky-elfabiv2/include] ==> [/opt/toolchains/csky-elfabiv2-tools-x86_64-minilibc-20210423/csky-elfabiv2/include]
  implicit include dirs: [/opt/toolchains/csky-elfabiv2-tools-x86_64-minilibc-20210423/csky-elfabiv2/include/c++/6.3.0;/opt/toolchains/csky-elfabiv2-tools-x86_64-minilibc-20210423/csky-elfabiv2/include/c++/6.3.0/csky-elfabiv2/ck803/hard-fp;/opt/toolchains/csky-elfabiv2-tools-x86_64-minilibc-20210423/csky-elfabiv2/include/c++/6.3.0/backward;/opt/toolchains/csky-elfabiv2-tools-x86_64-minilibc-20210423/lib/gcc/csky-elfabiv2/6.3.0/include;/opt/toolchains/csky-elfabiv2-tools-x86_64-minilibc-20210423/lib/gcc/csky-elfabiv2/6.3.0/include-fixed;/opt/toolchains/csky-elfabiv2-tools-x86_64-minilibc-20210423/csky-elfabiv2/sys-include;/opt/toolchains/csky-elfabiv2-tools-x86_64-minilibc-20210423/csky-elfabiv2/include]


Parsed CXX implicit link information from above output:
  link line regex: [^( *|.*[/\])(ld|CMAKE_LINK_STARTFILE-NOTFOUND|([^/\]+-)?ld|collect2)[^/\]*( |$)]
  ignore line: [Change Dir: /home/daniel/git/EFIGenieW806/build/W806-Debug/CMakeFiles/CMakeTmp]
  ignore line: []
  ignore line: [Run Build Command(s):/usr/bin/ninja cmTC_7213a && [1/2] Building CXX object CMakeFiles/cmTC_7213a.dir/CMakeCXXCompilerABI.cpp.o]
  ignore line: [Using built-in specs.]
  ignore line: [COLLECT_GCC=/opt/toolchains/csky-elfabiv2-tools-x86_64-minilibc-20210423/bin/csky-abiv2-elf-g++]
  ignore line: [Target: csky-elfabiv2]
  ignore line: [Configured with: /ldhome/software/toolsbuild/slave2/workspace/Toolchain/release-csky-1/source//gcc/configure x86_64-linux --enable-languages=c c++ --disable-threads --enable-sjlj-exceptions --disable-shared --enable-libssp --target=csky-elfabiv2 --prefix=/ldhome/software/toolsbuild/slave2/workspace/Toolchain/release-csky-1/install/ --with-headers=/ldhome/software/toolsbuild/slave2/workspace/Toolchain/release-csky-1/install//csky-elfabiv2/include --with-lib=/ldhome/software/toolsbuild/slave2/workspace/Toolchain/release-csky-1/install//csky-elfabiv2/lib/ --with-mpfr=/ldhome/software/toolsbuild/slave2/workspace/Toolchain/release-csky-1/lib-for-gcc-x86_64-linux/ --with-gmp=/ldhome/software/toolsbuild/slave2/workspace/Toolchain/release-csky-1/lib-for-gcc-x86_64-linux/ --with-mpc=/ldhome/software/toolsbuild/slave2/workspace/Toolchain/release-csky-1/lib-for-gcc-x86_64-linux/ --with-cskyabi=abiv2 --with-pkgversion='T-HEAD C-SKY Tools V3.10.29 Minilibc abiv2 B20210423' --disable-tls --enable-threads=posix]
  ignore line: [Thread model: posix]
  ignore line: [gcc version 6.3.0 (T-HEAD C-SKY Tools V3.10.29 Minilibc abiv2 B20210423) ]
  ignore line: [COLLECT_GCC_OPTIONS='-Wall' '-D' 'TLS_CONFIG_CPU_XT804=1' '-D' 'GCC_COMPILE=1' '-mcpu=ck804ef' '-g' '-D' 'WM_SWD_ENABLE=1' '-std=gnu++11' '-mfloat-abi=hard' '-fdata-sections' '-ffunction-sections' '-v' '-o' 'CMakeFiles/cmTC_7213a.dir/CMakeCXXCompilerABI.cpp.o' '-c']
  ignore line: [ /opt/toolchains/csky-elfabiv2-tools-x86_64-minilibc-20210423/bin/../libexec/gcc/csky-elfabiv2/6.3.0/cc1plus -quiet -v -imultilib ck803/hard-fp -iprefix /opt/toolchains/csky-elfabiv2-tools-x86_64-minilibc-20210423/bin/../lib/gcc/csky-elfabiv2/6.3.0/ -D_GNU_SOURCE -D TLS_CONFIG_CPU_XT804=1 -D GCC_COMPILE=1 -D WM_SWD_ENABLE=1 /usr/share/cmake-3.16/Modules/CMakeCXXCompilerABI.cpp -quiet -dumpbase CMakeCXXCompilerABI.cpp -mcpu=ck804ef -mfloat-abi=hard -auxbase-strip CMakeFiles/cmTC_7213a.dir/CMakeCXXCompilerABI.cpp.o -g -Wall -std=gnu++11 -version -fdata-sections -ffunction-sections -o /tmp/ccbo7Jni.s]
  ignore line: [GNU C++11 (T-HEAD C-SKY Tools V3.10.29 Minilibc abiv2 B20210423) version 6.3.0 (csky-elfabiv2)]
  ignore line: [	compiled by GNU C version 6.4.0  GMP version 6.2.0  MPFR version 4.0.2  MPC version 1.1.0  isl version none]
  ignore line: [GGC heuristics: --param ggc-min-expand=100 --param ggc-min-heapsize=131072]
  ignore line: [ignoring duplicate directory "/opt/toolchains/csky-elfabiv2-tools-x86_64-minilibc-20210423/bin/../lib/gcc/../../lib/gcc/csky-elfabiv2/6.3.0/../../../../csky-elfabiv2/include/c++/6.3.0"]
  ignore line: [ignoring duplicate directory "/opt/toolchains/csky-elfabiv2-tools-x86_64-minilibc-20210423/bin/../lib/gcc/../../lib/gcc/csky-elfabiv2/6.3.0/../../../../csky-elfabiv2/include/c++/6.3.0/csky-elfabiv2/ck803/hard-fp"]
  ignore line: [ignoring duplicate directory "/opt/toolchains/csky-elfabiv2-tools-x86_64-minilibc-20210423/bin/../lib/gcc/../../lib/gcc/csky-elfabiv2/6.3.0/../../../../csky-elfabiv2/include/c++/6.3.0/backward"]
  ignore line: [ignoring duplicate directory "/opt/toolchains/csky-elfabiv2-tools-x86_64-minilibc-20210423/bin/../lib/gcc/../../lib/gcc/csky-elfabiv2/6.3.0/include"]
  ignore line: [ignoring duplicate directory "/opt/toolchains/csky-elfabiv2-tools-x86_64-minilibc-20210423/bin/../lib/gcc/../../lib/gcc/csky-elfabiv2/6.3.0/include-fixed"]
  ignore line: [ignoring duplicate directory "/opt/toolchains/csky-elfabiv2-tools-x86_64-minilibc-20210423/bin/../lib/gcc/../../lib/gcc/csky-elfabiv2/6.3.0/../../../../csky-elfabiv2/sys-include"]
  ignore line: [ignoring duplicate directory "/opt/toolchains/csky-elfabiv2-tools-x86_64-minilibc-20210423/bin/../lib/gcc/../../lib/gcc/csky-elfabiv2/6.3.0/../../../../csky-elfabiv2/include"]
  ignore line: [#include "..." search starts here:]
  ignore line: [#include <...> search starts here:]
  ignore line: [ /opt/toolchains/csky-elfabiv2-tools-x86_64-minilibc-20210423/bin/../lib/gcc/csky-elfabiv2/6.3.0/../../../../csky-elfabiv2/include/c++/6.3.0]
  ignore line: [ /opt/toolchains/csky-elfabiv2-tools-x86_64-minilibc-20210423/bin/../lib/gcc/csky-elfabiv2/6.3.0/../../../../csky-elfabiv2/include/c++/6.3.0/csky-elfabiv2/ck803/hard-fp]
  ignore line: [ /opt/toolchains/csky-elfabiv2-tools-x86_64-minilibc-20210423/bin/../lib/gcc/csky-elfabiv2/6.3.0/../../../../csky-elfabiv2/include/c++/6.3.0/backward]
  ignore line: [ /opt/toolchains/csky-elfabiv2-tools-x86_64-minilibc-20210423/bin/../lib/gcc/csky-elfabiv2/6.3.0/include]
  ignore line: [ /opt/toolchains/csky-elfabiv2-tools-x86_64-minilibc-20210423/bin/../lib/gcc/csky-elfabiv2/6.3.0/include-fixed]
  ignore line: [ /opt/toolchains/csky-elfabiv2-tools-x86_64-minilibc-20210423/bin/../lib/gcc/csky-elfabiv2/6.3.0/../../../../csky-elfabiv2/sys-include]
  ignore line: [ /opt/toolchains/csky-elfabiv2-tools-x86_64-minilibc-20210423/bin/../lib/gcc/csky-elfabiv2/6.3.0/../../../../csky-elfabiv2/include]
  ignore line: [End of search list.]
  ignore line: [GNU C++11 (T-HEAD C-SKY Tools V3.10.29 Minilibc abiv2 B20210423) version 6.3.0 (csky-elfabiv2)]
  ignore line: [	compiled by GNU C version 6.4.0  GMP version 6.2.0  MPFR version 4.0.2  MPC version 1.1.0  isl version none]
  ignore line: [GGC heuristics: --param ggc-min-expand=100 --param ggc-min-heapsize=131072]
  ignore line: [Compiler executable checksum: ad1741bcf224e78af9bc8d2e66fb1f79]
  ignore line: [COLLECT_GCC_OPTIONS='-Wall' '-D' 'TLS_CONFIG_CPU_XT804=1' '-D' 'GCC_COMPILE=1' '-mcpu=ck804ef' '-g' '-D' 'WM_SWD_ENABLE=1' '-std=gnu++11' '-mfloat-abi=hard' '-fdata-sections' '-ffunction-sections' '-v' '-o' 'CMakeFiles/cmTC_7213a.dir/CMakeCXXCompilerABI.cpp.o' '-c']
  ignore line: [ /opt/toolchains/csky-elfabiv2-tools-x86_64-minilibc-20210423/bin/../lib/gcc/csky-elfabiv2/6.3.0/../../../../csky-elfabiv2/bin/as -mcpu=ck804ef -mhard-float -o CMakeFiles/cmTC_7213a.dir/CMakeCXXCompilerABI.cpp.o /tmp/ccbo7Jni.s]
  ignore line: [COMPILER_PATH=/opt/toolchains/csky-elfabiv2-tools-x86_64-minilibc-20210423/bin/../libexec/gcc/csky-elfabiv2/6.3.0/:/opt/toolchains/csky-elfabiv2-tools-x86_64-minilibc-20210423/bin/../libexec/gcc/:/opt/toolchains/csky-elfabiv2-tools-x86_64-minilibc-20210423/bin/../lib/gcc/csky-elfabiv2/6.3.0/../../../../csky-elfabiv2/bin/]
  ignore line: [LIBRARY_PATH=/opt/toolchains/csky-elfabiv2-tools-x86_64-minilibc-20210423/bin/../lib/gcc/csky-elfabiv2/6.3.0/ck803/hard-fp/:/opt/toolchains/csky-elfabiv2-tools-x86_64-minilibc-20210423/bin/../lib/gcc/csky-elfabiv2/6.3.0/../../../../csky-elfabiv2/lib/ck803/hard-fp/:/opt/toolchains/csky-elfabiv2-tools-x86_64-minilibc-20210423/bin/../lib/gcc/csky-elfabiv2/6.3.0/:/opt/toolchains/csky-elfabiv2-tools-x86_64-minilibc-20210423/bin/../lib/gcc/:/opt/toolchains/csky-elfabiv2-tools-x86_64-minilibc-20210423/bin/../lib/gcc/csky-elfabiv2/6.3.0/../../../../csky-elfabiv2/lib/]
  ignore line: [COLLECT_GCC_OPTIONS='-Wall' '-D' 'TLS_CONFIG_CPU_XT804=1' '-D' 'GCC_COMPILE=1' '-mcpu=ck804ef' '-g' '-D' 'WM_SWD_ENABLE=1' '-std=gnu++11' '-mfloat-abi=hard' '-fdata-sections' '-ffunction-sections' '-v' '-o' 'CMakeFiles/cmTC_7213a.dir/CMakeCXXCompilerABI.cpp.o' '-c']
  ignore line: [[2/2] Linking CXX executable cmTC_7213a]
  ignore line: [Using built-in specs.]
  ignore line: [COLLECT_GCC=/opt/toolchains/csky-elfabiv2-tools-x86_64-minilibc-20210423/bin/csky-abiv2-elf-g++]
  ignore line: [COLLECT_LTO_WRAPPER=/opt/toolchains/csky-elfabiv2-tools-x86_64-minilibc-20210423/bin/../libexec/gcc/csky-elfabiv2/6.3.0/lto-wrapper]
  ignore line: [Target: csky-elfabiv2]
  ignore line: [Configured with: /ldhome/software/toolsbuild/slave2/workspace/Toolchain/release-csky-1/source//gcc/configure x86_64-linux --enable-languages=c c++ --disable-threads --enable-sjlj-exceptions --disable-shared --enable-libssp --target=csky-elfabiv2 --prefix=/ldhome/software/toolsbuild/slave2/workspace/Toolchain/release-csky-1/install/ --with-headers=/ldhome/software/toolsbuild/slave2/workspace/Toolchain/release-csky-1/install//csky-elfabiv2/include --with-lib=/ldhome/software/toolsbuild/slave2/workspace/Toolchain/release-csky-1/install//csky-elfabiv2/lib/ --with-mpfr=/ldhome/software/toolsbuild/slave2/workspace/Toolchain/release-csky-1/lib-for-gcc-x86_64-linux/ --with-gmp=/ldhome/software/toolsbuild/slave2/workspace/Toolchain/release-csky-1/lib-for-gcc-x86_64-linux/ --with-mpc=/ldhome/software/toolsbuild/slave2/workspace/Toolchain/release-csky-1/lib-for-gcc-x86_64-linux/ --with-cskyabi=abiv2 --with-pkgversion='T-HEAD C-SKY Tools V3.10.29 Minilibc abiv2 B20210423' --disable-tls --enable-threads=posix]
  ignore line: [Thread model: posix]
  ignore line: [gcc version 6.3.0 (T-HEAD C-SKY Tools V3.10.29 Minilibc abiv2 B20210423) ]
  ignore line: [COMPILER_PATH=/opt/toolchains/csky-elfabiv2-tools-x86_64-minilibc-20210423/bin/../libexec/gcc/csky-elfabiv2/6.3.0/:/opt/toolchains/csky-elfabiv2-tools-x86_64-minilibc-20210423/bin/../libexec/gcc/:/opt/toolchains/csky-elfabiv2-tools-x86_64-minilibc-20210423/bin/../lib/gcc/csky-elfabiv2/6.3.0/../../../../csky-elfabiv2/bin/]
  ignore line: [LIBRARY_PATH=/opt/toolchains/csky-elfabiv2-tools-x86_64-minilibc-20210423/bin/../lib/gcc/csky-elfabiv2/6.3.0/ck803/hard-fp/:/opt/toolchains/csky-elfabiv2-tools-x86_64-minilibc-20210423/bin/../lib/gcc/csky-elfabiv2/6.3.0/../../../../csky-elfabiv2/lib/ck803/hard-fp/:/opt/toolchains/csky-elfabiv2-tools-x86_64-minilibc-20210423/bin/../lib/gcc/csky-elfabiv2/6.3.0/:/opt/toolchains/csky-elfabiv2-tools-x86_64-minilibc-20210423/bin/../lib/gcc/:/opt/toolchains/csky-elfabiv2-tools-x86_64-minilibc-20210423/bin/../lib/gcc/csky-elfabiv2/6.3.0/../../../../csky-elfabiv2/lib/]
  ignore line: [COLLECT_GCC_OPTIONS='-Wall' '-D' 'TLS_CONFIG_CPU_XT804=1' '-D' 'GCC_COMPILE=1' '-mcpu=ck804ef' '-g' '-D' 'WM_SWD_ENABLE=1' '-std=gnu++11' '-mfloat-abi=hard' '-fdata-sections' '-ffunction-sections' '-nostartfiles' '-v' '-o' 'cmTC_7213a']
  link line: [ /opt/toolchains/csky-elfabiv2-tools-x86_64-minilibc-20210423/bin/../libexec/gcc/csky-elfabiv2/6.3.0/collect2 -plugin /opt/toolchains/csky-elfabiv2-tools-x86_64-minilibc-20210423/bin/../libexec/gcc/csky-elfabiv2/6.3.0/liblto_plugin.so -plugin-opt=/opt/toolchains/csky-elfabiv2-tools-x86_64-minilibc-20210423/bin/../libexec/gcc/csky-elfabiv2/6.3.0/lto-wrapper -plugin-opt=-fresolution=/tmp/ccn6tYGg.res -plugin-opt=-pass-through=-lgcc -plugin-opt=-pass-through=-lc -plugin-opt=-pass-through=-lgcc -X -o cmTC_7213a -L/opt/toolchains/csky-elfabiv2-tools-x86_64-minilibc-20210423/bin/../lib/gcc/csky-elfabiv2/6.3.0/ck803/hard-fp -L/opt/toolchains/csky-elfabiv2-tools-x86_64-minilibc-20210423/bin/../lib/gcc/csky-elfabiv2/6.3.0/../../../../csky-elfabiv2/lib/ck803/hard-fp -L/opt/toolchains/csky-elfabiv2-tools-x86_64-minilibc-20210423/bin/../lib/gcc/csky-elfabiv2/6.3.0 -L/opt/toolchains/csky-elfabiv2-tools-x86_64-minilibc-20210423/bin/../lib/gcc -L/opt/toolchains/csky-elfabiv2-tools-x86_64-minilibc-20210423/bin/../lib/gcc/csky-elfabiv2/6.3.0/../../../../csky-elfabiv2/lib --gc-sections -zmax-page-size=1024 --whole-archive -T/home/daniel/git/EFIGenieW806/wm-sdk-w806/ld/W806/gcc_csky.ld /home/daniel/git/EFIGenieW806/wm-sdk-w806/bin/build/W806/lib/libwmlibc.a CMakeFiles/cmTC_7213a.dir/CMakeCXXCompilerABI.cpp.o -lstdc++ -lm -lgcc --whole-archive --no-whole-archive -lc -lgcc]
    arg [/opt/toolchains/csky-elfabiv2-tools-x86_64-minilibc-20210423/bin/../libexec/gcc/csky-elfabiv2/6.3.0/collect2] ==> ignore
    arg [-plugin] ==> ignore
    arg [/opt/toolchains/csky-elfabiv2-tools-x86_64-minilibc-20210423/bin/../libexec/gcc/csky-elfabiv2/6.3.0/liblto_plugin.so] ==> ignore
    arg [-plugin-opt=/opt/toolchains/csky-elfabiv2-tools-x86_64-minilibc-20210423/bin/../libexec/gcc/csky-elfabiv2/6.3.0/lto-wrapper] ==> ignore
    arg [-plugin-opt=-fresolution=/tmp/ccn6tYGg.res] ==> ignore
    arg [-plugin-opt=-pass-through=-lgcc] ==> ignore
    arg [-plugin-opt=-pass-through=-lc] ==> ignore
    arg [-plugin-opt=-pass-through=-lgcc] ==> ignore
    arg [-X] ==> ignore
    arg [-o] ==> ignore
    arg [cmTC_7213a] ==> ignore
    arg [-L/opt/toolchains/csky-elfabiv2-tools-x86_64-minilibc-20210423/bin/../lib/gcc/csky-elfabiv2/6.3.0/ck803/hard-fp] ==> dir [/opt/toolchains/csky-elfabiv2-tools-x86_64-minilibc-20210423/bin/../lib/gcc/csky-elfabiv2/6.3.0/ck803/hard-fp]
    arg [-L/opt/toolchains/csky-elfabiv2-tools-x86_64-minilibc-20210423/bin/../lib/gcc/csky-elfabiv2/6.3.0/../../../../csky-elfabiv2/lib/ck803/hard-fp] ==> dir [/opt/toolchains/csky-elfabiv2-tools-x86_64-minilibc-20210423/bin/../lib/gcc/csky-elfabiv2/6.3.0/../../../../csky-elfabiv2/lib/ck803/hard-fp]
    arg [-L/opt/toolchains/csky-elfabiv2-tools-x86_64-minilibc-20210423/bin/../lib/gcc/csky-elfabiv2/6.3.0] ==> dir [/opt/toolchains/csky-elfabiv2-tools-x86_64-minilibc-20210423/bin/../lib/gcc/csky-elfabiv2/6.3.0]
    arg [-L/opt/toolchains/csky-elfabiv2-tools-x86_64-minilibc-20210423/bin/../lib/gcc] ==> dir [/opt/toolchains/csky-elfabiv2-tools-x86_64-minilibc-20210423/bin/../lib/gcc]
    arg [-L/opt/toolchains/csky-elfabiv2-tools-x86_64-minilibc-20210423/bin/../lib/gcc/csky-elfabiv2/6.3.0/../../../../csky-elfabiv2/lib] ==> dir [/opt/toolchains/csky-elfabiv2-tools-x86_64-minilibc-20210423/bin/../lib/gcc/csky-elfabiv2/6.3.0/../../../../csky-elfabiv2/lib]
    arg [--gc-sections] ==> ignore
    arg [-zmax-page-size=1024] ==> ignore
    arg [--whole-archive] ==> ignore
    arg [-T/home/daniel/git/EFIGenieW806/wm-sdk-w806/ld/W806/gcc_csky.ld] ==> ignore
    arg [/home/daniel/git/EFIGenieW806/wm-sdk-w806/bin/build/W806/lib/libwmlibc.a] ==> lib [/home/daniel/git/EFIGenieW806/wm-sdk-w806/bin/build/W806/lib/libwmlibc.a]
    arg [CMakeFiles/cmTC_7213a.dir/CMakeCXXCompilerABI.cpp.o] ==> ignore
    arg [-lstdc++] ==> lib [stdc++]
    arg [-lm] ==> lib [m]
    arg [-lgcc] ==> lib [gcc]
    arg [--whole-archive] ==> ignore
    arg [--no-whole-archive] ==> ignore
    arg [-lc] ==> lib [c]
    arg [-lgcc] ==> lib [gcc]
  collapse library dir [/opt/toolchains/csky-elfabiv2-tools-x86_64-minilibc-20210423/bin/../lib/gcc/csky-elfabiv2/6.3.0/ck803/hard-fp] ==> [/opt/toolchains/csky-elfabiv2-tools-x86_64-minilibc-20210423/lib/gcc/csky-elfabiv2/6.3.0/ck803/hard-fp]
  collapse library dir [/opt/toolchains/csky-elfabiv2-tools-x86_64-minilibc-20210423/bin/../lib/gcc/csky-elfabiv2/6.3.0/../../../../csky-elfabiv2/lib/ck803/hard-fp] ==> [/opt/toolchains/csky-elfabiv2-tools-x86_64-minilibc-20210423/csky-elfabiv2/lib/ck803/hard-fp]
  collapse library dir [/opt/toolchains/csky-elfabiv2-tools-x86_64-minilibc-20210423/bin/../lib/gcc/csky-elfabiv2/6.3.0] ==> [/opt/toolchains/csky-elfabiv2-tools-x86_64-minilibc-20210423/lib/gcc/csky-elfabiv2/6.3.0]
  collapse library dir [/opt/toolchains/csky-elfabiv2-tools-x86_64-minilibc-20210423/bin/../lib/gcc] ==> [/opt/toolchains/csky-elfabiv2-tools-x86_64-minilibc-20210423/lib/gcc]
  collapse library dir [/opt/toolchains/csky-elfabiv2-tools-x86_64-minilibc-20210423/bin/../lib/gcc/csky-elfabiv2/6.3.0/../../../../csky-elfabiv2/lib] ==> [/opt/toolchains/csky-elfabiv2-tools-x86_64-minilibc-20210423/csky-elfabiv2/lib]
  implicit libs: [/home/daniel/git/EFIGenieW806/wm-sdk-w806/bin/build/W806/lib/libwmlibc.a;stdc++;m;gcc;c;gcc]
  implicit dirs: [/opt/toolchains/csky-elfabiv2-tools-x86_64-minilibc-20210423/lib/gcc/csky-elfabiv2/6.3.0/ck803/hard-fp;/opt/toolchains/csky-elfabiv2-tools-x86_64-minilibc-20210423/csky-elfabiv2/lib/ck803/hard-fp;/opt/toolchains/csky-elfabiv2-tools-x86_64-minilibc-20210423/lib/gcc/csky-elfabiv2/6.3.0;/opt/toolchains/csky-elfabiv2-tools-x86_64-minilibc-20210423/lib/gcc;/opt/toolchains/csky-elfabiv2-tools-x86_64-minilibc-20210423/csky-elfabiv2/lib]
  implicit fwks: []


